RUN	computerdatabase.BasicSimulation	basicsimulation	1647457743559	Test sample 2	3.7.6
USER	Sample Test	START	1647457744600
USER	Sample Test	START	1647457744599
REQUEST		GET low latency	1647457744634	1647457744825	OK	 
REQUEST		GET low latency	1647457744634	1647457744821	OK	 
REQUEST		GET mid latency	1647457745845	1647457746567	OK	 
REQUEST		GET mid latency	1647457745845	1647457747261	OK	 
REQUEST		GET high latency	1647457748267	1647457750276	OK	 
REQUEST		GET low latency	1647457750278	1647457750380	OK	 
REQUEST		GET high latency	1647457747570	1647457751577	OK	 
REQUEST		GET low latency	1647457751579	1647457751872	OK	 
REQUEST		GET mid latency	1647457751385	1647457752522	OK	 
REQUEST		GET mid latency	1647457752876	1647457754566	OK	 
REQUEST		GET high latency	1647457755568	1647457757575	OK	 
REQUEST		GET low latency	1647457757576	1647457757945	OK	 
REQUEST		GET high latency	1647457753525	1647457758534	OK	 
REQUEST		GET low latency	1647457758535	1647457758722	OK	 
REQUEST		GET mid latency	1647457758948	1647457760108	OK	 
REQUEST		GET mid latency	1647457759726	1647457760789	OK	 
REQUEST		GET high latency	1647457761796	1647457764804	OK	 
REQUEST		GET low latency	1647457764805	1647457764995	OK	 
REQUEST		GET high latency	1647457761112	1647457766123	OK	 
REQUEST		GET low latency	1647457766124	1647457766489	OK	 
REQUEST		GET mid latency	1647457766002	1647457766624	OK	 
REQUEST		GET mid latency	1647457767493	1647457768924	OK	 
REQUEST		GET high latency	1647457767632	1647457772640	OK	 
REQUEST		GET low latency	1647457772641	1647457773054	OK	 
REQUEST		GET high latency	1647457769932	1647457774941	OK	 
REQUEST		GET low latency	1647457774942	1647457775149	OK	 
REQUEST		GET mid latency	1647457774057	1647457775699	OK	 
REQUEST		GET mid latency	1647457776153	1647457777968	OK	 
REQUEST		GET high latency	1647457778975	1647457780986	OK	 
REQUEST		GET low latency	1647457780987	1647457781020	OK	 
REQUEST		GET high latency	1647457776706	1647457781716	OK	 
REQUEST		GET low latency	1647457781717	1647457782059	OK	 
REQUEST		GET mid latency	1647457782025	1647457782686	OK	 
REQUEST		GET mid latency	1647457783064	1647457784565	OK	 
REQUEST		GET high latency	1647457783693	1647457785699	OK	 
REQUEST		GET low latency	1647457785700	1647457786142	OK	 
REQUEST		GET high latency	1647457785570	1647457787576	OK	 
REQUEST		GET low latency	1647457787578	1647457787791	OK	 
REQUEST		GET mid latency	1647457787148	1647457788773	OK	 
REQUEST		GET mid latency	1647457788796	1647457790554	OK	 
REQUEST		GET high latency	1647457789776	1647457793787	OK	 
REQUEST		GET low latency	1647457793788	1647457794006	OK	 
REQUEST		GET high latency	1647457791559	1647457794567	OK	 
REQUEST		GET low latency	1647457794569	1647457794978	OK	 
REQUEST		GET mid latency	1647457795008	1647457796757	OK	 
REQUEST		GET mid latency	1647457795985	1647457797026	OK	 
REQUEST		GET high latency	1647457797764	1647457802772	OK	 
REQUEST		GET high latency	1647457798029	1647457803037	OK	 
REQUEST		GET low latency	1647457802774	1647457803047	OK	 
REQUEST		GET low latency	1647457803038	1647457803232	OK	 
REQUEST		GET mid latency	1647457804237	1647457805097	OK	 
USER	Sample Test	END	1647457805100
REQUEST		GET mid latency	1647457804051	1647457805705	OK	 
USER	Sample Test	END	1647457805706
